<?xml version="1.0" encoding="UTF-8"?>
<!-- Generated by org.testng.reporters.JUnitXMLReporter -->
<testsuite ignored="0" hostname="ranto-HP-Laptop-14-cm0xxx" failures="0" tests="4" name="Test 1 with chrome" time="27.167" errors="0" timestamp="2022-10-28T10:47:23 WIB">
  <testcase classname="com.ormorange.test.BaseTest" name="@BeforeClass preSetup" time="1.599">
    <failure type="java.lang.IllegalStateException" message="The path to the driver executable must be set by the webdriver.gecko.driver system property; for more information, see https://github.com/mozilla/geckodriver. The latest version can be downloaded from https://github.com/mozilla/geckodriver/releases">
      <![CDATA[java.lang.IllegalStateException: The path to the driver executable must be set by the webdriver.gecko.driver system property; for more information, see https://github.com/mozilla/geckodriver. The latest version can be downloaded from https://github.com/mozilla/geckodriver/releases
at com.google.common.base.Preconditions.checkState(Preconditions.java:847)
at org.openqa.selenium.remote.service.DriverService.findExecutable(DriverService.java:134)
at org.openqa.selenium.firefox.GeckoDriverService.access$100(GeckoDriverService.java:44)
at org.openqa.selenium.firefox.GeckoDriverService$Builder.findDefaultExecutable(GeckoDriverService.java:167)
at org.openqa.selenium.remote.service.DriverService$Builder.build(DriverService.java:355)
at org.openqa.selenium.firefox.FirefoxDriver.toExecutor(FirefoxDriver.java:190)
at org.openqa.selenium.firefox.FirefoxDriver.<init>(FirefoxDriver.java:147)
at org.openqa.selenium.firefox.FirefoxDriver.<init>(FirefoxDriver.java:125)
at CommonLibs.CommonDriver.<init>(CommonDriver.java:32)
at com.ormorange.test.BaseTest.openBrowser(BaseTest.java:71)
at com.ormorange.test.BaseTest.preSetup(BaseTest.java:39)
at java.base/java.util.ArrayList.forEach(ArrayList.java:1511)
at java.base/java.util.concurrent.FutureTask.run(FutureTask.java:264)
at java.base/java.util.concurrent.ThreadPoolExecutor.runWorker(ThreadPoolExecutor.java:1136)
at java.base/java.util.concurrent.ThreadPoolExecutor$Worker.run(ThreadPoolExecutor.java:635)
at java.base/java.lang.Thread.run(Thread.java:833)
... Removed 16 stack frames]]>
    </failure>
  </testcase> <!-- @BeforeClass preSetup -->
  <testcase classname="com.ormorange.test.BaseTest" name="@BeforeMethod setUp" time="-1.666928818067E9">
    <skipped/>
  </testcase> <!-- @BeforeMethod setUp -->
  <testcase classname="com.ormorange.test.BaseTest" name="@AfterMethod cleanUp" time="-1.666928818076E9">
    <skipped/>
  </testcase> <!-- @AfterMethod cleanUp -->
  <testcase classname="com.ormorange.test.BaseTest" name="@AfterClass postCleanUp" time="-1.66692881808E9">
    <skipped/>
  </testcase> <!-- @AfterClass postCleanUp -->
  <testcase classname="com.ormorange.test.BaseTest" name="@BeforeClass preSetup" time="0.028">
    <failure type="java.lang.IllegalStateException" message="The path to the driver executable must be set by the webdriver.gecko.driver system property; for more information, see https://github.com/mozilla/geckodriver. The latest version can be downloaded from https://github.com/mozilla/geckodriver/releases">
      <![CDATA[java.lang.IllegalStateException: The path to the driver executable must be set by the webdriver.gecko.driver system property; for more information, see https://github.com/mozilla/geckodriver. The latest version can be downloaded from https://github.com/mozilla/geckodriver/releases
at com.google.common.base.Preconditions.checkState(Preconditions.java:847)
at org.openqa.selenium.remote.service.DriverService.findExecutable(DriverService.java:134)
at org.openqa.selenium.firefox.GeckoDriverService.access$100(GeckoDriverService.java:44)
at org.openqa.selenium.firefox.GeckoDriverService$Builder.findDefaultExecutable(GeckoDriverService.java:167)
at org.openqa.selenium.remote.service.DriverService$Builder.build(DriverService.java:355)
at org.openqa.selenium.firefox.FirefoxDriver.toExecutor(FirefoxDriver.java:190)
at org.openqa.selenium.firefox.FirefoxDriver.<init>(FirefoxDriver.java:147)
at org.openqa.selenium.firefox.FirefoxDriver.<init>(FirefoxDriver.java:125)
at CommonLibs.CommonDriver.<init>(CommonDriver.java:32)
at com.ormorange.test.BaseTest.openBrowser(BaseTest.java:71)
at com.ormorange.test.BaseTest.preSetup(BaseTest.java:39)
at java.base/java.util.ArrayList.forEach(ArrayList.java:1511)
at java.base/java.util.concurrent.FutureTask.run(FutureTask.java:264)
at java.base/java.util.concurrent.ThreadPoolExecutor.runWorker(ThreadPoolExecutor.java:1136)
at java.base/java.util.concurrent.ThreadPoolExecutor$Worker.run(ThreadPoolExecutor.java:635)
at java.base/java.lang.Thread.run(Thread.java:833)
... Removed 16 stack frames]]>
    </failure>
  </testcase> <!-- @BeforeClass preSetup -->
  <testcase classname="com.ormorange.test.BaseTest" name="@BeforeMethod setUp" time="-1.666928818114E9">
    <skipped/>
  </testcase> <!-- @BeforeMethod setUp -->
  <testcase classname="com.ormorange.test.BaseTest" name="@AfterMethod cleanUp" time="-1.666928818121E9">
    <skipped/>
  </testcase> <!-- @AfterMethod cleanUp -->
  <testcase classname="com.ormorange.test.BaseTest" name="@AfterClass postCleanUp" time="-1.666928818124E9">
    <skipped/>
  </testcase> <!-- @AfterClass postCleanUp -->
  <testcase classname="com.ormorange.test.loginTest" name="TestLogin" time="0.0">
    <skipped/>
  </testcase> <!-- TestLogin -->
  <testcase classname="com.ormorange.test.DashboardTest" name="cekDashboard" time="0.0">
    <skipped/>
  </testcase> <!-- cekDashboard -->
  <testcase classname="com.ormorange.test.loginTest" name="TestLogin" time="3.292"/>
  <testcase classname="com.ormorange.test.DashboardTest" name="cekDashboard" time="3.586"/>
</testsuite> <!-- Test 1 with chrome -->
