<?xml version="1.0" encoding="UTF-8"?>
<!-- Generated by org.testng.reporters.JUnitXMLReporter -->
<testsuite ignored="0" hostname="ranto-HP-Laptop-14-cm0xxx" failures="0" tests="2" name="Command line test" time="0.058" errors="0" timestamp="2022-10-28T10:45:10 WIB">
  <testcase classname="com.ormorange.test.BaseTest" name="@BeforeClass preSetup" time="-1.666928710412E9">
    <failure type="org.testng.TestNGException" message="
Parameter &amp;apos;browserType&amp;apos; is required by BeforeClass on method preSetup but has not been marked @Optional or defined
">
      <![CDATA[org.testng.TestNGException: 
Parameter 'browserType' is required by BeforeClass on method preSetup but has not been marked @Optional or defined

at java.base/java.util.ArrayList.forEach(ArrayList.java:1511)
... Removed 32 stack frames]]>
    </failure>
  </testcase> <!-- @BeforeClass preSetup -->
  <testcase classname="com.ormorange.test.BaseTest" name="@BeforeMethod setUp" time="-1.666928710437E9">
    <skipped/>
  </testcase> <!-- @BeforeMethod setUp -->
  <testcase classname="com.ormorange.test.BaseTest" name="@AfterMethod cleanUp" time="-1.666928710442E9">
    <skipped/>
  </testcase> <!-- @AfterMethod cleanUp -->
  <testcase classname="com.ormorange.test.BaseTest" name="@AfterClass postCleanUp" time="-1.666928710444E9">
    <skipped/>
  </testcase> <!-- @AfterClass postCleanUp -->
  <testcase classname="com.ormorange.test.BaseTest" name="@BeforeClass preSetup" time="-1.666928710447E9">
    <failure type="org.testng.TestNGException" message="
Parameter &amp;apos;browserType&amp;apos; is required by BeforeClass on method preSetup but has not been marked @Optional or defined
">
      <![CDATA[org.testng.TestNGException: 
Parameter 'browserType' is required by BeforeClass on method preSetup but has not been marked @Optional or defined

at java.base/java.util.ArrayList.forEach(ArrayList.java:1511)
... Removed 32 stack frames]]>
    </failure>
  </testcase> <!-- @BeforeClass preSetup -->
  <testcase classname="com.ormorange.test.BaseTest" name="@BeforeMethod setUp" time="-1.666928710449E9">
    <skipped/>
  </testcase> <!-- @BeforeMethod setUp -->
  <testcase classname="com.ormorange.test.BaseTest" name="@AfterMethod cleanUp" time="-1.666928710449E9">
    <skipped/>
  </testcase> <!-- @AfterMethod cleanUp -->
  <testcase classname="com.ormorange.test.BaseTest" name="@AfterClass postCleanUp" time="-1.66692871045E9">
    <skipped/>
  </testcase> <!-- @AfterClass postCleanUp -->
  <testcase classname="com.ormorange.test.loginTest" name="TestLogin" time="0.0">
    <skipped/>
  </testcase> <!-- TestLogin -->
  <testcase classname="com.ormorange.test.DashboardTest" name="cekDashboard" time="0.0">
    <skipped/>
  </testcase> <!-- cekDashboard -->
</testsuite> <!-- Command line test -->
